# JRE version: Java(TM) SE Runtime Environment (8.0_261-b12) (build 1.8.0_261-b12)
# Java VM: Java HotSpot(TM) 64-Bit Server VM (25.261-b12 mixed mode windows-amd64 compressed oops)
Heap:
 PSYoungGen      total 332800K, used 138291K [0x00000000d5d80000, 0x00000000eb280000, 0x0000000100000000)
  eden space 316416K, 43% used [0x00000000d5d80000,0x00000000de48cfd8,0x00000000e9280000)
  from space 16384K, 0% used [0x00000000ea280000,0x00000000ea280000,0x00000000eb280000)
  to   space 16384K, 0% used [0x00000000e9280000,0x00000000e9280000,0x00000000ea280000)
 ParOldGen       total 73728K, used 14983K [0x0000000081800000, 0x0000000086000000, 0x00000000d5d80000)
  object space 73728K, 20% used [0x0000000081800000,0x00000000826a1fc0,0x0000000086000000)
 Metaspace       used 49772K, capacity 52732K, committed 52992K, reserved 1095680K
  class space    used 6540K, capacity 7044K, committed 7168K, reserved 1048576K
GC Heap History (10 events):
Event: 15.114 GC heap before
{Heap before GC invocations=10 (full 2):
 PSYoungGen      total 236032K, used 9643K [0x00000000d5d80000, 0x00000000e5080000, 0x0000000100000000)
  eden space 224256K, 0% used [0x00000000d5d80000,0x00000000d5d80000,0x00000000e3880000)
  from space 11776K, 81% used [0x00000000e4500000,0x00000000e4e6ae40,0x00000000e5080000)
  to   space 12288K, 0% used [0x00000000e3880000,0x00000000e3880000,0x00000000e4480000)
 ParOldGen       total 51712K, used 7400K [0x0000000081800000, 0x0000000084a80000, 0x00000000d5d80000)
  object space 51712K, 14% used [0x0000000081800000,0x0000000081f3a048,0x0000000084a80000)
 Metaspace       used 33330K, capacity 35238K, committed 35416K, reserved 1081344K
  class space    used 4244K, capacity 4592K, committed 4608K, reserved 1048576K
Event: 15.200 GC heap after
Heap after GC invocations=10 (full 2):
 PSYoungGen      total 236032K, used 0K [0x00000000d5d80000, 0x00000000e5080000, 0x0000000100000000)
  eden space 224256K, 0% used [0x00000000d5d80000,0x00000000d5d80000,0x00000000e3880000)
  from space 11776K, 0% used [0x00000000e4500000,0x00000000e4500000,0x00000000e5080000)
  to   space 12288K, 0% used [0x00000000e3880000,0x00000000e3880000,0x00000000e4480000)
 ParOldGen       total 73728K, used 14310K [0x0000000081800000, 0x0000000086000000, 0x00000000d5d80000)
  object space 73728K, 19% used [0x0000000081800000,0x00000000825f9b40,0x0000000086000000)
 Metaspace       used 33330K, capacity 35238K, committed 35416K, reserved 1081344K
  class space    used 4244K, capacity 4592K, committed 4608K, reserved 1048576K
}
Event: 169.286 GC heap before
{Heap before GC invocations=11 (full 2):
 PSYoungGen      total 236032K, used 154607K [0x00000000d5d80000, 0x00000000e5080000, 0x0000000100000000)
  eden space 224256K, 68% used [0x00000000d5d80000,0x00000000df47be38,0x00000000e3880000)
  from space 11776K, 0% used [0x00000000e4500000,0x00000000e4500000,0x00000000e5080000)
  to   space 12288K, 0% used [0x00000000e3880000,0x00000000e3880000,0x00000000e4480000)
 ParOldGen       total 73728K, used 14310K [0x0000000081800000, 0x0000000086000000, 0x00000000d5d80000)
  object space 73728K, 19% used [0x0000000081800000,0x00000000825f9b40,0x0000000086000000)
 Metaspace       used 48995K, capacity 51672K, committed 51840K, reserved 1093632K
  class space    used 6517K, capacity 6983K, committed 7040K, reserved 1048576K
Event: 169.309 GC heap after
Heap after GC invocations=11 (full 2):
 PSYoungGen      total 236544K, used 12276K [0x00000000d5d80000, 0x00000000eb280000, 0x0000000100000000)
  eden space 224256K, 0% used [0x00000000d5d80000,0x00000000d5d80000,0x00000000e3880000)
  from space 12288K, 99% used [0x00000000e3880000,0x00000000e447d258,0x00000000e4480000)
  to   space 16384K, 0% used [0x00000000ea280000,0x00000000ea280000,0x00000000eb280000)
 ParOldGen       total 73728K, used 19500K [0x0000000081800000, 0x0000000086000000, 0x00000000d5d80000)
  object space 73728K, 26% used [0x0000000081800000,0x0000000082b0b058,0x0000000086000000)
 Metaspace       used 48995K, capacity 51672K, committed 51840K, reserved 1093632K
  class space    used 6517K, capacity 6983K, committed 7040K, reserved 1048576K
}
Event: 169.309 GC heap before
{Heap before GC invocations=12 (full 3):
 PSYoungGen      total 236544K, used 12276K [0x00000000d5d80000, 0x00000000eb280000, 0x0000000100000000)
  eden space 224256K, 0% used [0x00000000d5d80000,0x00000000d5d80000,0x00000000e3880000)
  from space 12288K, 99% used [0x00000000e3880000,0x00000000e447d258,0x00000000e4480000)
  to   space 16384K, 0% used [0x00000000ea280000,0x00000000ea280000,0x00000000eb280000)
 ParOldGen       total 73728K, used 19500K [0x0000000081800000, 0x0000000086000000, 0x00000000d5d80000)
  object space 73728K, 26% used [0x0000000081800000,0x0000000082b0b058,0x0000000086000000)
 Metaspace       used 48995K, capacity 51672K, committed 51840K, reserved 1093632K
  class space    used 6517K, capacity 6983K, committed 7040K, reserved 1048576K
Event: 169.423 GC heap after
Heap after GC invocations=12 (full 3):
 PSYoungGen      total 236544K, used 0K [0x00000000d5d80000, 0x00000000eb280000, 0x0000000100000000)
  eden space 224256K, 0% used [0x00000000d5d80000,0x00000000d5d80000,0x00000000e3880000)
  from space 12288K, 0% used [0x00000000e3880000,0x00000000e3880000,0x00000000e4480000)
  to   space 16384K, 0% used [0x00000000ea280000,0x00000000ea280000,0x00000000eb280000)
 ParOldGen       total 73728K, used 25204K [0x0000000081800000, 0x0000000086000000, 0x00000000d5d80000)
  object space 73728K, 34% used [0x0000000081800000,0x000000008309d150,0x0000000086000000)
 Metaspace       used 48995K, capacity 51672K, committed 51840K, reserved 1093632K
  class space    used 6517K, capacity 6983K, committed 7040K, reserved 1048576K
}
Event: 178.270 GC heap before
{Heap before GC invocations=13 (full 3):
 PSYoungGen      total 236544K, used 132922K [0x00000000d5d80000, 0x00000000eb280000, 0x0000000100000000)
  eden space 224256K, 59% used [0x00000000d5d80000,0x00000000ddf4ea88,0x00000000e3880000)
  from space 12288K, 0% used [0x00000000e3880000,0x00000000e3880000,0x00000000e4480000)
  to   space 16384K, 0% used [0x00000000ea280000,0x00000000ea280000,0x00000000eb280000)
 ParOldGen       total 73728K, used 25204K [0x0000000081800000, 0x0000000086000000, 0x00000000d5d80000)
  object space 73728K, 34% used [0x0000000081800000,0x000000008309d150,0x0000000086000000)
 Metaspace       used 49354K, capacity 52154K, committed 52352K, reserved 1095680K
  class space    used 6528K, capacity 6999K, committed 7040K, reserved 1048576K
Event: 178.276 GC heap after
Heap after GC invocations=13 (full 3):
 PSYoungGen      total 332800K, used 3176K [0x00000000d5d80000, 0x00000000eb280000, 0x0000000100000000)
  eden space 316416K, 0% used [0x00000000d5d80000,0x00000000d5d80000,0x00000000e9280000)
  from space 16384K, 19% used [0x00000000ea280000,0x00000000ea59a2a0,0x00000000eb280000)
  to   space 16384K, 0% used [0x00000000e9280000,0x00000000e9280000,0x00000000ea280000)
 ParOldGen       total 73728K, used 25204K [0x0000000081800000, 0x0000000086000000, 0x00000000d5d80000)
  object space 73728K, 34% used [0x0000000081800000,0x000000008309d150,0x0000000086000000)
 Metaspace       used 49354K, capacity 52154K, committed 52352K, reserved 1095680K
  class space    used 6528K, capacity 6999K, committed 7040K, reserved 1048576K
}
Event: 178.276 GC heap before
{Heap before GC invocations=14 (full 4):
 PSYoungGen      total 332800K, used 3176K [0x00000000d5d80000, 0x00000000eb280000, 0x0000000100000000)
  eden space 316416K, 0% used [0x00000000d5d80000,0x00000000d5d80000,0x00000000e9280000)
  from space 16384K, 19% used [0x00000000ea280000,0x00000000ea59a2a0,0x00000000eb280000)
  to   space 16384K, 0% used [0x00000000e9280000,0x00000000e9280000,0x00000000ea280000)
 ParOldGen       total 73728K, used 25204K [0x0000000081800000, 0x0000000086000000, 0x00000000d5d80000)
  object space 73728K, 34% used [0x0000000081800000,0x000000008309d150,0x0000000086000000)
 Metaspace       used 49354K, capacity 52154K, committed 52352K, reserved 1095680K
  class space    used 6528K, capacity 6999K, committed 7040K, reserved 1048576K
Event: 178.490 GC heap after
Heap after GC invocations=14 (full 4):
 PSYoungGen      total 332800K, used 0K [0x00000000d5d80000, 0x00000000eb280000, 0x0000000100000000)
  eden space 316416K, 0% used [0x00000000d5d80000,0x00000000d5d80000,0x00000000e9280000)
  from space 16384K, 0% used [0x00000000ea280000,0x00000000ea280000,0x00000000eb280000)
  to   space 16384K, 0% used [0x00000000e9280000,0x00000000e9280000,0x00000000ea280000)
 ParOldGen       total 73728K, used 14983K [0x0000000081800000, 0x0000000086000000, 0x00000000d5d80000)
  object space 73728K, 20% used [0x0000000081800000,0x00000000826a1fc0,0x0000000086000000)
 Metaspace       used 49354K, capacity 52154K, committed 52352K, reserved 1095680K
  class space    used 6528K, capacity 6999K, committed 7040K, reserved 1048576K
}

