# JRE version: Java(TM) SE Runtime Environment (8.0_261-b12) (build 1.8.0_261-b12)
# Java VM: Java HotSpot(TM) 64-Bit Server VM (25.261-b12 mixed mode windows-amd64 compressed oops)
Heap:
 PSYoungGen      total 231936K, used 59056K [0x00000000d5d80000, 0x00000000e4e80000, 0x0000000100000000)
  eden space 221696K, 26% used [0x00000000d5d80000,0x00000000d972c3d8,0x00000000e3600000)
  from space 10240K, 0% used [0x00000000e4480000,0x00000000e4480000,0x00000000e4e80000)
  to   space 12288K, 0% used [0x00000000e3680000,0x00000000e3680000,0x00000000e4280000)
 ParOldGen       total 52224K, used 14421K [0x0000000081800000, 0x0000000084b00000, 0x00000000d5d80000)
  object space 52224K, 27% used [0x0000000081800000,0x0000000082615528,0x0000000084b00000)
 Metaspace       used 42163K, capacity 44280K, committed 44800K, reserved 1087488K
  class space    used 5650K, capacity 6020K, committed 6144K, reserved 1048576K
GC Heap History (10 events):
Event: 3.317 GC heap before
{Heap before GC invocations=6 (full 0):
 PSYoungGen      total 71680K, used 13079K [0x00000000d5d80000, 0x00000000df280000, 0x0000000100000000)
  eden space 66560K, 11% used [0x00000000d5d80000,0x00000000d6546448,0x00000000d9e80000)
  from space 5120K, 99% used [0x00000000d9e80000,0x00000000da37fb90,0x00000000da380000)
  to   space 9728K, 0% used [0x00000000de900000,0x00000000de900000,0x00000000df280000)
 ParOldGen       total 87552K, used 5910K [0x0000000081800000, 0x0000000086d80000, 0x00000000d5d80000)
  object space 87552K, 6% used [0x0000000081800000,0x0000000081dc5a28,0x0000000086d80000)
 Metaspace       used 20129K, capacity 21132K, committed 21248K, reserved 1067008K
  class space    used 2544K, capacity 2761K, committed 2816K, reserved 1048576K
Event: 3.325 GC heap after
Heap after GC invocations=6 (full 0):
 PSYoungGen      total 141824K, used 5811K [0x00000000d5d80000, 0x00000000df180000, 0x0000000100000000)
  eden space 133120K, 0% used [0x00000000d5d80000,0x00000000d5d80000,0x00000000ddf80000)
  from space 8704K, 66% used [0x00000000de900000,0x00000000deeacdd0,0x00000000df180000)
  to   space 9216K, 0% used [0x00000000ddf80000,0x00000000ddf80000,0x00000000de880000)
 ParOldGen       total 87552K, used 5918K [0x0000000081800000, 0x0000000086d80000, 0x00000000d5d80000)
  object space 87552K, 6% used [0x0000000081800000,0x0000000081dc7a28,0x0000000086d80000)
 Metaspace       used 20129K, capacity 21132K, committed 21248K, reserved 1067008K
  class space    used 2544K, capacity 2761K, committed 2816K, reserved 1048576K
}
Event: 3.325 GC heap before
{Heap before GC invocations=7 (full 1):
 PSYoungGen      total 141824K, used 5811K [0x00000000d5d80000, 0x00000000df180000, 0x0000000100000000)
  eden space 133120K, 0% used [0x00000000d5d80000,0x00000000d5d80000,0x00000000ddf80000)
  from space 8704K, 66% used [0x00000000de900000,0x00000000deeacdd0,0x00000000df180000)
  to   space 9216K, 0% used [0x00000000ddf80000,0x00000000ddf80000,0x00000000de880000)
 ParOldGen       total 87552K, used 5918K [0x0000000081800000, 0x0000000086d80000, 0x00000000d5d80000)
  object space 87552K, 6% used [0x0000000081800000,0x0000000081dc7a28,0x0000000086d80000)
 Metaspace       used 20129K, capacity 21132K, committed 21248K, reserved 1067008K
  class space    used 2544K, capacity 2761K, committed 2816K, reserved 1048576K
Event: 3.360 GC heap after
Heap after GC invocations=7 (full 1):
 PSYoungGen      total 141824K, used 0K [0x00000000d5d80000, 0x00000000df180000, 0x0000000100000000)
  eden space 133120K, 0% used [0x00000000d5d80000,0x00000000d5d80000,0x00000000ddf80000)
  from space 8704K, 0% used [0x00000000de900000,0x00000000de900000,0x00000000df180000)
  to   space 9216K, 0% used [0x00000000ddf80000,0x00000000ddf80000,0x00000000de880000)
 ParOldGen       total 52224K, used 5981K [0x0000000081800000, 0x0000000084b00000, 0x00000000d5d80000)
  object space 52224K, 11% used [0x0000000081800000,0x0000000081dd76d0,0x0000000084b00000)
 Metaspace       used 20129K, capacity 21132K, committed 21248K, reserved 1067008K
  class space    used 2544K, capacity 2761K, committed 2816K, reserved 1048576K
}
Event: 6.114 GC heap before
{Heap before GC invocations=8 (full 1):
 PSYoungGen      total 141824K, used 133120K [0x00000000d5d80000, 0x00000000df180000, 0x0000000100000000)
  eden space 133120K, 100% used [0x00000000d5d80000,0x00000000ddf80000,0x00000000ddf80000)
  from space 8704K, 0% used [0x00000000de900000,0x00000000de900000,0x00000000df180000)
  to   space 9216K, 0% used [0x00000000ddf80000,0x00000000ddf80000,0x00000000de880000)
 ParOldGen       total 52224K, used 5981K [0x0000000081800000, 0x0000000084b00000, 0x00000000d5d80000)
  object space 52224K, 11% used [0x0000000081800000,0x0000000081dd76d0,0x0000000084b00000)
 Metaspace       used 27904K, capacity 29798K, committed 30080K, reserved 1075200K
  class space    used 3627K, capacity 3957K, committed 3968K, reserved 1048576K
Event: 6.129 GC heap after
Heap after GC invocations=8 (full 1):
 PSYoungGen      total 142336K, used 9202K [0x00000000d5d80000, 0x00000000e5000000, 0x0000000100000000)
  eden space 133120K, 0% used [0x00000000d5d80000,0x00000000d5d80000,0x00000000ddf80000)
  from space 9216K, 99% used [0x00000000ddf80000,0x00000000de87cab8,0x00000000de880000)
  to   space 11776K, 0% used [0x00000000e4480000,0x00000000e4480000,0x00000000e5000000)
 ParOldGen       total 52224K, used 7694K [0x0000000081800000, 0x0000000084b00000, 0x00000000d5d80000)
  object space 52224K, 14% used [0x0000000081800000,0x0000000081f83aa8,0x0000000084b00000)
 Metaspace       used 27904K, capacity 29798K, committed 30080K, reserved 1075200K
  class space    used 3627K, capacity 3957K, committed 3968K, reserved 1048576K
}
Event: 7.158 GC heap before
{Heap before GC invocations=9 (full 1):
 PSYoungGen      total 142336K, used 90373K [0x00000000d5d80000, 0x00000000e5000000, 0x0000000100000000)
  eden space 133120K, 60% used [0x00000000d5d80000,0x00000000dacc4b58,0x00000000ddf80000)
  from space 9216K, 99% used [0x00000000ddf80000,0x00000000de87cab8,0x00000000de880000)
  to   space 11776K, 0% used [0x00000000e4480000,0x00000000e4480000,0x00000000e5000000)
 ParOldGen       total 52224K, used 7694K [0x0000000081800000, 0x0000000084b00000, 0x00000000d5d80000)
  object space 52224K, 14% used [0x0000000081800000,0x0000000081f83aa8,0x0000000084b00000)
 Metaspace       used 33294K, capacity 35262K, committed 35416K, reserved 1081344K
  class space    used 4251K, capacity 4597K, committed 4608K, reserved 1048576K
Event: 7.173 GC heap after
Heap after GC invocations=9 (full 1):
 PSYoungGen      total 231936K, used 9753K [0x00000000d5d80000, 0x00000000e4e80000, 0x0000000100000000)
  eden space 221696K, 0% used [0x00000000d5d80000,0x00000000d5d80000,0x00000000e3600000)
  from space 10240K, 95% used [0x00000000e4480000,0x00000000e4e06448,0x00000000e4e80000)
  to   space 12288K, 0% used [0x00000000e3680000,0x00000000e3680000,0x00000000e4280000)
 ParOldGen       total 52224K, used 7702K [0x0000000081800000, 0x0000000084b00000, 0x00000000d5d80000)
  object space 52224K, 14% used [0x0000000081800000,0x0000000081f85aa8,0x0000000084b00000)
 Metaspace       used 33294K, capacity 35262K, committed 35416K, reserved 1081344K
  class space    used 4251K, capacity 4597K, committed 4608K, reserved 1048576K
}
Event: 7.173 GC heap before
{Heap before GC invocations=10 (full 2):
 PSYoungGen      total 231936K, used 9753K [0x00000000d5d80000, 0x00000000e4e80000, 0x0000000100000000)
  eden space 221696K, 0% used [0x00000000d5d80000,0x00000000d5d80000,0x00000000e3600000)
  from space 10240K, 95% used [0x00000000e4480000,0x00000000e4e06448,0x00000000e4e80000)
  to   space 12288K, 0% used [0x00000000e3680000,0x00000000e3680000,0x00000000e4280000)
 ParOldGen       total 52224K, used 7702K [0x0000000081800000, 0x0000000084b00000, 0x00000000d5d80000)
  object space 52224K, 14% used [0x0000000081800000,0x0000000081f85aa8,0x0000000084b00000)
 Metaspace       used 33294K, capacity 35262K, committed 35416K, reserved 1081344K
  class space    used 4251K, capacity 4597K, committed 4608K, reserved 1048576K
Event: 7.264 GC heap after
Heap after GC invocations=10 (full 2):
 PSYoungGen      total 231936K, used 0K [0x00000000d5d80000, 0x00000000e4e80000, 0x0000000100000000)
  eden space 221696K, 0% used [0x00000000d5d80000,0x00000000d5d80000,0x00000000e3600000)
  from space 10240K, 0% used [0x00000000e4480000,0x00000000e4480000,0x00000000e4e80000)
  to   space 12288K, 0% used [0x00000000e3680000,0x00000000e3680000,0x00000000e4280000)
 ParOldGen       total 52224K, used 14421K [0x0000000081800000, 0x0000000084b00000, 0x00000000d5d80000)
  object space 52224K, 27% used [0x0000000081800000,0x0000000082615528,0x0000000084b00000)
 Metaspace       used 33294K, capacity 35262K, committed 35416K, reserved 1081344K
  class space    used 4251K, capacity 4597K, committed 4608K, reserved 1048576K
}

