# JRE version: Java(TM) SE Runtime Environment (8.0_261-b12) (build 1.8.0_261-b12)
# Java VM: Java HotSpot(TM) 64-Bit Server VM (25.261-b12 mixed mode windows-amd64 compressed oops)
Heap:
 PSYoungGen      total 142336K, used 93945K [0x00000000d5d80000, 0x00000000e4780000, 0x0000000100000000)
  eden space 133120K, 63% used [0x00000000d5d80000,0x00000000db042cb0,0x00000000ddf80000)
  from space 9216K, 99% used [0x00000000ddf80000,0x00000000de87bb00,0x00000000de880000)
  to   space 11264K, 0% used [0x00000000e3c80000,0x00000000e3c80000,0x00000000e4780000)
 ParOldGen       total 53760K, used 7476K [0x0000000081800000, 0x0000000084c80000, 0x00000000d5d80000)
  object space 53760K, 13% used [0x0000000081800000,0x0000000081f4d0a8,0x0000000084c80000)
 Metaspace       used 33301K, capacity 35276K, committed 35328K, reserved 1081344K
  class space    used 4248K, capacity 4598K, committed 4608K, reserved 1048576K
GC Heap History (10 events):
Event: 2.366 GC heap before
{Heap before GC invocations=4 (full 0):
 PSYoungGen      total 38400K, used 38383K [0x00000000d5d80000, 0x00000000da880000, 0x0000000100000000)
  eden space 33280K, 100% used [0x00000000d5d80000,0x00000000d7e00000,0x00000000d7e00000)
  from space 5120K, 99% used [0x00000000d7e00000,0x00000000d82fbe70,0x00000000d8300000)
  to   space 5120K, 0% used [0x00000000da380000,0x00000000da380000,0x00000000da880000)
 ParOldGen       total 87552K, used 461K [0x0000000081800000, 0x0000000086d80000, 0x00000000d5d80000)
  object space 87552K, 0% used [0x0000000081800000,0x0000000081873550,0x0000000086d80000)
 Metaspace       used 17305K, capacity 18136K, committed 18304K, reserved 1064960K
  class space    used 2181K, capacity 2351K, committed 2432K, reserved 1048576K
Event: 2.376 GC heap after
Heap after GC invocations=4 (full 0):
 PSYoungGen      total 71680K, used 5115K [0x00000000d5d80000, 0x00000000da880000, 0x0000000100000000)
  eden space 66560K, 0% used [0x00000000d5d80000,0x00000000d5d80000,0x00000000d9e80000)
  from space 5120K, 99% used [0x00000000da380000,0x00000000da87ecc8,0x00000000da880000)
  to   space 5120K, 0% used [0x00000000d9e80000,0x00000000d9e80000,0x00000000da380000)
 ParOldGen       total 87552K, used 3579K [0x0000000081800000, 0x0000000086d80000, 0x00000000d5d80000)
  object space 87552K, 4% used [0x0000000081800000,0x0000000081b7ecb8,0x0000000086d80000)
 Metaspace       used 17305K, capacity 18136K, committed 18304K, reserved 1064960K
  class space    used 2181K, capacity 2351K, committed 2432K, reserved 1048576K
}
Event: 2.975 GC heap before
{Heap before GC invocations=5 (full 0):
 PSYoungGen      total 71680K, used 71675K [0x00000000d5d80000, 0x00000000da880000, 0x0000000100000000)
  eden space 66560K, 100% used [0x00000000d5d80000,0x00000000d9e80000,0x00000000d9e80000)
  from space 5120K, 99% used [0x00000000da380000,0x00000000da87ecc8,0x00000000da880000)
  to   space 5120K, 0% used [0x00000000d9e80000,0x00000000d9e80000,0x00000000da380000)
 ParOldGen       total 87552K, used 3579K [0x0000000081800000, 0x0000000086d80000, 0x00000000d5d80000)
  object space 87552K, 4% used [0x0000000081800000,0x0000000081b7ecb8,0x0000000086d80000)
 Metaspace       used 19863K, capacity 20816K, committed 20992K, reserved 1067008K
  class space    used 2524K, capacity 2754K, committed 2816K, reserved 1048576K
Event: 2.993 GC heap after
Heap after GC invocations=5 (full 0):
 PSYoungGen      total 71680K, used 5118K [0x00000000d5d80000, 0x00000000df280000, 0x0000000100000000)
  eden space 66560K, 0% used [0x00000000d5d80000,0x00000000d5d80000,0x00000000d9e80000)
  from space 5120K, 99% used [0x00000000d9e80000,0x00000000da37fab8,0x00000000da380000)
  to   space 9728K, 0% used [0x00000000de900000,0x00000000de900000,0x00000000df280000)
 ParOldGen       total 87552K, used 5952K [0x0000000081800000, 0x0000000086d80000, 0x00000000d5d80000)
  object space 87552K, 6% used [0x0000000081800000,0x0000000081dd02f0,0x0000000086d80000)
 Metaspace       used 19863K, capacity 20816K, committed 20992K, reserved 1067008K
  class space    used 2524K, capacity 2754K, committed 2816K, reserved 1048576K
}
Event: 3.179 GC heap before
{Heap before GC invocations=6 (full 0):
 PSYoungGen      total 71680K, used 12593K [0x00000000d5d80000, 0x00000000df280000, 0x0000000100000000)
  eden space 66560K, 11% used [0x00000000d5d80000,0x00000000d64ccc80,0x00000000d9e80000)
  from space 5120K, 99% used [0x00000000d9e80000,0x00000000da37fab8,0x00000000da380000)
  to   space 9728K, 0% used [0x00000000de900000,0x00000000de900000,0x00000000df280000)
 ParOldGen       total 87552K, used 5952K [0x0000000081800000, 0x0000000086d80000, 0x00000000d5d80000)
  object space 87552K, 6% used [0x0000000081800000,0x0000000081dd02f0,0x0000000086d80000)
 Metaspace       used 20143K, capacity 21142K, committed 21248K, reserved 1067008K
  class space    used 2546K, capacity 2765K, committed 2816K, reserved 1048576K
Event: 3.190 GC heap after
Heap after GC invocations=6 (full 0):
 PSYoungGen      total 141824K, used 5797K [0x00000000d5d80000, 0x00000000df180000, 0x0000000100000000)
  eden space 133120K, 0% used [0x00000000d5d80000,0x00000000d5d80000,0x00000000ddf80000)
  from space 8704K, 66% used [0x00000000de900000,0x00000000deea9468,0x00000000df180000)
  to   space 9216K, 0% used [0x00000000ddf80000,0x00000000ddf80000,0x00000000de880000)
 ParOldGen       total 87552K, used 5960K [0x0000000081800000, 0x0000000086d80000, 0x00000000d5d80000)
  object space 87552K, 6% used [0x0000000081800000,0x0000000081dd22f0,0x0000000086d80000)
 Metaspace       used 20143K, capacity 21142K, committed 21248K, reserved 1067008K
  class space    used 2546K, capacity 2765K, committed 2816K, reserved 1048576K
}
Event: 3.190 GC heap before
{Heap before GC invocations=7 (full 1):
 PSYoungGen      total 141824K, used 5797K [0x00000000d5d80000, 0x00000000df180000, 0x0000000100000000)
  eden space 133120K, 0% used [0x00000000d5d80000,0x00000000d5d80000,0x00000000ddf80000)
  from space 8704K, 66% used [0x00000000de900000,0x00000000deea9468,0x00000000df180000)
  to   space 9216K, 0% used [0x00000000ddf80000,0x00000000ddf80000,0x00000000de880000)
 ParOldGen       total 87552K, used 5960K [0x0000000081800000, 0x0000000086d80000, 0x00000000d5d80000)
  object space 87552K, 6% used [0x0000000081800000,0x0000000081dd22f0,0x0000000086d80000)
 Metaspace       used 20143K, capacity 21142K, committed 21248K, reserved 1067008K
  class space    used 2546K, capacity 2765K, committed 2816K, reserved 1048576K
Event: 3.233 GC heap after
Heap after GC invocations=7 (full 1):
 PSYoungGen      total 141824K, used 0K [0x00000000d5d80000, 0x00000000df180000, 0x0000000100000000)
  eden space 133120K, 0% used [0x00000000d5d80000,0x00000000d5d80000,0x00000000ddf80000)
  from space 8704K, 0% used [0x00000000de900000,0x00000000de900000,0x00000000df180000)
  to   space 9216K, 0% used [0x00000000ddf80000,0x00000000ddf80000,0x00000000de880000)
 ParOldGen       total 53760K, used 5971K [0x0000000081800000, 0x0000000084c80000, 0x00000000d5d80000)
  object space 53760K, 11% used [0x0000000081800000,0x0000000081dd4f70,0x0000000084c80000)
 Metaspace       used 20143K, capacity 21142K, committed 21248K, reserved 1067008K
  class space    used 2546K, capacity 2765K, committed 2816K, reserved 1048576K
}
Event: 6.337 GC heap before
{Heap before GC invocations=8 (full 1):
 PSYoungGen      total 141824K, used 133120K [0x00000000d5d80000, 0x00000000df180000, 0x0000000100000000)
  eden space 133120K, 100% used [0x00000000d5d80000,0x00000000ddf80000,0x00000000ddf80000)
  from space 8704K, 0% used [0x00000000de900000,0x00000000de900000,0x00000000df180000)
  to   space 9216K, 0% used [0x00000000ddf80000,0x00000000ddf80000,0x00000000de880000)
 ParOldGen       total 53760K, used 5971K [0x0000000081800000, 0x0000000084c80000, 0x00000000d5d80000)
  object space 53760K, 11% used [0x0000000081800000,0x0000000081dd4f70,0x0000000084c80000)
 Metaspace       used 27672K, capacity 29514K, committed 29824K, reserved 1075200K
  class space    used 3599K, capacity 3951K, committed 3968K, reserved 1048576K
Event: 6.352 GC heap after
Heap after GC invocations=8 (full 1):
 PSYoungGen      total 142336K, used 9198K [0x00000000d5d80000, 0x00000000e4780000, 0x0000000100000000)
  eden space 133120K, 0% used [0x00000000d5d80000,0x00000000d5d80000,0x00000000ddf80000)
  from space 9216K, 99% used [0x00000000ddf80000,0x00000000de87bb00,0x00000000de880000)
  to   space 11264K, 0% used [0x00000000e3c80000,0x00000000e3c80000,0x00000000e4780000)
 ParOldGen       total 53760K, used 7476K [0x0000000081800000, 0x0000000084c80000, 0x00000000d5d80000)
  object space 53760K, 13% used [0x0000000081800000,0x0000000081f4d0a8,0x0000000084c80000)
 Metaspace       used 27672K, capacity 29514K, committed 29824K, reserved 1075200K
  class space    used 3599K, capacity 3951K, committed 3968K, reserved 1048576K
}

