# JRE version: Java(TM) SE Runtime Environment (8.0_261-b12) (build 1.8.0_261-b12)
# Java VM: Java HotSpot(TM) 64-Bit Server VM (25.261-b12 mixed mode windows-amd64 compressed oops)
Heap:
 PSYoungGen      total 243200K, used 6161K [0x00000000d5d80000, 0x00000000e5900000, 0x0000000100000000)
  eden space 231936K, 2% used [0x00000000d5d80000,0x00000000d6384708,0x00000000e4000000)
  from space 11264K, 0% used [0x00000000e4e00000,0x00000000e4e00000,0x00000000e5900000)
  to   space 12800K, 0% used [0x00000000e4000000,0x00000000e4000000,0x00000000e4c80000)
 ParOldGen       total 49664K, used 14278K [0x0000000081800000, 0x0000000084880000, 0x00000000d5d80000)
  object space 49664K, 28% used [0x0000000081800000,0x00000000825f1928,0x0000000084880000)
 Metaspace       used 33348K, capacity 35326K, committed 35544K, reserved 1081344K
  class space    used 4256K, capacity 4624K, committed 4736K, reserved 1048576K
GC Heap History (10 events):
Event: 4.185 GC heap before
{Heap before GC invocations=4 (full 0):
 PSYoungGen      total 38400K, used 38380K [0x00000000d5d80000, 0x00000000da880000, 0x0000000100000000)
  eden space 33280K, 100% used [0x00000000d5d80000,0x00000000d7e00000,0x00000000d7e00000)
  from space 5120K, 99% used [0x00000000d7e00000,0x00000000d82fb198,0x00000000d8300000)
  to   space 5120K, 0% used [0x00000000da380000,0x00000000da380000,0x00000000da880000)
 ParOldGen       total 87552K, used 484K [0x0000000081800000, 0x0000000086d80000, 0x00000000d5d80000)
  object space 87552K, 0% used [0x0000000081800000,0x00000000818793b8,0x0000000086d80000)
 Metaspace       used 17230K, capacity 18006K, committed 18304K, reserved 1064960K
  class space    used 2168K, capacity 2350K, committed 2432K, reserved 1048576K
Event: 4.197 GC heap after
Heap after GC invocations=4 (full 0):
 PSYoungGen      total 71680K, used 5104K [0x00000000d5d80000, 0x00000000da880000, 0x0000000100000000)
  eden space 66560K, 0% used [0x00000000d5d80000,0x00000000d5d80000,0x00000000d9e80000)
  from space 5120K, 99% used [0x00000000da380000,0x00000000da87c320,0x00000000da880000)
  to   space 5120K, 0% used [0x00000000d9e80000,0x00000000d9e80000,0x00000000da380000)
 ParOldGen       total 87552K, used 3726K [0x0000000081800000, 0x0000000086d80000, 0x00000000d5d80000)
  object space 87552K, 4% used [0x0000000081800000,0x0000000081ba3b40,0x0000000086d80000)
 Metaspace       used 17230K, capacity 18006K, committed 18304K, reserved 1064960K
  class space    used 2168K, capacity 2350K, committed 2432K, reserved 1048576K
}
Event: 4.811 GC heap before
{Heap before GC invocations=5 (full 0):
 PSYoungGen      total 71680K, used 71664K [0x00000000d5d80000, 0x00000000da880000, 0x0000000100000000)
  eden space 66560K, 100% used [0x00000000d5d80000,0x00000000d9e80000,0x00000000d9e80000)
  from space 5120K, 99% used [0x00000000da380000,0x00000000da87c320,0x00000000da880000)
  to   space 5120K, 0% used [0x00000000d9e80000,0x00000000d9e80000,0x00000000da380000)
 ParOldGen       total 87552K, used 3726K [0x0000000081800000, 0x0000000086d80000, 0x00000000d5d80000)
  object space 87552K, 4% used [0x0000000081800000,0x0000000081ba3b40,0x0000000086d80000)
 Metaspace       used 19857K, capacity 20868K, committed 20992K, reserved 1067008K
  class space    used 2515K, capacity 2751K, committed 2816K, reserved 1048576K
Event: 4.822 GC heap after
Heap after GC invocations=5 (full 0):
 PSYoungGen      total 71680K, used 5096K [0x00000000d5d80000, 0x00000000df380000, 0x0000000100000000)
  eden space 66560K, 0% used [0x00000000d5d80000,0x00000000d5d80000,0x00000000d9e80000)
  from space 5120K, 99% used [0x00000000d9e80000,0x00000000da37a3e0,0x00000000da380000)
  to   space 10240K, 0% used [0x00000000de980000,0x00000000de980000,0x00000000df380000)
 ParOldGen       total 87552K, used 6257K [0x0000000081800000, 0x0000000086d80000, 0x00000000d5d80000)
  object space 87552K, 7% used [0x0000000081800000,0x0000000081e1c4f8,0x0000000086d80000)
 Metaspace       used 19857K, capacity 20868K, committed 20992K, reserved 1067008K
  class space    used 2515K, capacity 2751K, committed 2816K, reserved 1048576K
}
Event: 4.948 GC heap before
{Heap before GC invocations=6 (full 0):
 PSYoungGen      total 71680K, used 13780K [0x00000000d5d80000, 0x00000000df380000, 0x0000000100000000)
  eden space 66560K, 13% used [0x00000000d5d80000,0x00000000d65faf48,0x00000000d9e80000)
  from space 5120K, 99% used [0x00000000d9e80000,0x00000000da37a3e0,0x00000000da380000)
  to   space 10240K, 0% used [0x00000000de980000,0x00000000de980000,0x00000000df380000)
 ParOldGen       total 87552K, used 6257K [0x0000000081800000, 0x0000000086d80000, 0x00000000d5d80000)
  object space 87552K, 7% used [0x0000000081800000,0x0000000081e1c4f8,0x0000000086d80000)
 Metaspace       used 20235K, capacity 21196K, committed 21248K, reserved 1067008K
  class space    used 2550K, capacity 2769K, committed 2816K, reserved 1048576K
Event: 4.957 GC heap after
Heap after GC invocations=6 (full 0):
 PSYoungGen      total 142336K, used 5954K [0x00000000d5d80000, 0x00000000df280000, 0x0000000100000000)
  eden space 133120K, 0% used [0x00000000d5d80000,0x00000000d5d80000,0x00000000ddf80000)
  from space 9216K, 64% used [0x00000000de980000,0x00000000def50900,0x00000000df280000)
  to   space 9728K, 0% used [0x00000000ddf80000,0x00000000ddf80000,0x00000000de900000)
 ParOldGen       total 87552K, used 6265K [0x0000000081800000, 0x0000000086d80000, 0x00000000d5d80000)
  object space 87552K, 7% used [0x0000000081800000,0x0000000081e1e4f8,0x0000000086d80000)
 Metaspace       used 20235K, capacity 21196K, committed 21248K, reserved 1067008K
  class space    used 2550K, capacity 2769K, committed 2816K, reserved 1048576K
}
Event: 4.957 GC heap before
{Heap before GC invocations=7 (full 1):
 PSYoungGen      total 142336K, used 5954K [0x00000000d5d80000, 0x00000000df280000, 0x0000000100000000)
  eden space 133120K, 0% used [0x00000000d5d80000,0x00000000d5d80000,0x00000000ddf80000)
  from space 9216K, 64% used [0x00000000de980000,0x00000000def50900,0x00000000df280000)
  to   space 9728K, 0% used [0x00000000ddf80000,0x00000000ddf80000,0x00000000de900000)
 ParOldGen       total 87552K, used 6265K [0x0000000081800000, 0x0000000086d80000, 0x00000000d5d80000)
  object space 87552K, 7% used [0x0000000081800000,0x0000000081e1e4f8,0x0000000086d80000)
 Metaspace       used 20235K, capacity 21196K, committed 21248K, reserved 1067008K
  class space    used 2550K, capacity 2769K, committed 2816K, reserved 1048576K
Event: 4.994 GC heap after
Heap after GC invocations=7 (full 1):
 PSYoungGen      total 142336K, used 0K [0x00000000d5d80000, 0x00000000df280000, 0x0000000100000000)
  eden space 133120K, 0% used [0x00000000d5d80000,0x00000000d5d80000,0x00000000ddf80000)
  from space 9216K, 0% used [0x00000000de980000,0x00000000de980000,0x00000000df280000)
  to   space 9728K, 0% used [0x00000000ddf80000,0x00000000ddf80000,0x00000000de900000)
 ParOldGen       total 49664K, used 6188K [0x0000000081800000, 0x0000000084880000, 0x00000000d5d80000)
  object space 49664K, 12% used [0x0000000081800000,0x0000000081e0b118,0x0000000084880000)
 Metaspace       used 20235K, capacity 21196K, committed 21248K, reserved 1067008K
  class space    used 2550K, capacity 2769K, committed 2816K, reserved 1048576K
}
Event: 8.507 GC heap before
{Heap before GC invocations=8 (full 1):
 PSYoungGen      total 142336K, used 133120K [0x00000000d5d80000, 0x00000000df280000, 0x0000000100000000)
  eden space 133120K, 100% used [0x00000000d5d80000,0x00000000ddf80000,0x00000000ddf80000)
  from space 9216K, 0% used [0x00000000de980000,0x00000000de980000,0x00000000df280000)
  to   space 9728K, 0% used [0x00000000ddf80000,0x00000000ddf80000,0x00000000de900000)
 ParOldGen       total 49664K, used 6188K [0x0000000081800000, 0x0000000084880000, 0x00000000d5d80000)
  object space 49664K, 12% used [0x0000000081800000,0x0000000081e0b118,0x0000000084880000)
 Metaspace       used 28084K, capacity 29954K, committed 30080K, reserved 1075200K
  class space    used 3633K, capacity 3952K, committed 3968K, reserved 1048576K
Event: 8.524 GC heap after
Heap after GC invocations=8 (full 1):
 PSYoungGen      total 142848K, used 9707K [0x00000000d5d80000, 0x00000000e5980000, 0x0000000100000000)
  eden space 133120K, 0% used [0x00000000d5d80000,0x00000000d5d80000,0x00000000ddf80000)
  from space 9728K, 99% used [0x00000000ddf80000,0x00000000de8fadb8,0x00000000de900000)
  to   space 11776K, 0% used [0x00000000e4e00000,0x00000000e4e00000,0x00000000e5980000)
 ParOldGen       total 49664K, used 7578K [0x0000000081800000, 0x0000000084880000, 0x00000000d5d80000)
  object space 49664K, 15% used [0x0000000081800000,0x0000000081f66890,0x0000000084880000)
 Metaspace       used 28084K, capacity 29954K, committed 30080K, reserved 1075200K
  class space    used 3633K, capacity 3952K, committed 3968K, reserved 1048576K
}

