# JRE version: Java(TM) SE Runtime Environment (8.0_261-b12) (build 1.8.0_261-b12)
# Java VM: Java HotSpot(TM) 64-Bit Server VM (25.261-b12 mixed mode windows-amd64 compressed oops)
Heap:
 PSYoungGen      total 141312K, used 80994K [0x00000000d5d80000, 0x00000000df180000, 0x0000000100000000)
  eden space 133120K, 60% used [0x00000000d5d80000,0x00000000dac98b88,0x00000000ddf80000)
  from space 8192K, 0% used [0x00000000de980000,0x00000000de980000,0x00000000df180000)
  to   space 9216K, 0% used [0x00000000ddf80000,0x00000000ddf80000,0x00000000de880000)
 ParOldGen       total 53760K, used 6103K [0x0000000081800000, 0x0000000084c80000, 0x00000000d5d80000)
  object space 53760K, 11% used [0x0000000081800000,0x0000000081df5f50,0x0000000084c80000)
 Metaspace       used 26336K, capacity 28186K, committed 28416K, reserved 1073152K
  class space    used 3460K, capacity 3787K, committed 3840K, reserved 1048576K
GC Heap History (10 events):
Event: 2.091 GC heap before
{Heap before GC invocations=3 (full 0):
 PSYoungGen      total 38400K, used 36338K [0x00000000d5d80000, 0x00000000da880000, 0x0000000100000000)
  eden space 33280K, 100% used [0x00000000d5d80000,0x00000000d7e00000,0x00000000d7e00000)
  from space 5120K, 59% used [0x00000000d8300000,0x00000000d85fc980,0x00000000d8800000)
  to   space 5120K, 0% used [0x00000000d7e00000,0x00000000d7e00000,0x00000000d8300000)
 ParOldGen       total 87552K, used 16K [0x0000000081800000, 0x0000000086d80000, 0x00000000d5d80000)
  object space 87552K, 0% used [0x0000000081800000,0x0000000081804000,0x0000000086d80000)
 Metaspace       used 12436K, capacity 13152K, committed 13312K, reserved 1060864K
  class space    used 1585K, capacity 1721K, committed 1792K, reserved 1048576K
Event: 2.097 GC heap after
Heap after GC invocations=3 (full 0):
 PSYoungGen      total 38400K, used 5114K [0x00000000d5d80000, 0x00000000da880000, 0x0000000100000000)
  eden space 33280K, 0% used [0x00000000d5d80000,0x00000000d5d80000,0x00000000d7e00000)
  from space 5120K, 99% used [0x00000000d7e00000,0x00000000d82fe9a0,0x00000000d8300000)
  to   space 5120K, 0% used [0x00000000da380000,0x00000000da380000,0x00000000da880000)
 ParOldGen       total 87552K, used 469K [0x0000000081800000, 0x0000000086d80000, 0x00000000d5d80000)
  object space 87552K, 0% used [0x0000000081800000,0x00000000818756d0,0x0000000086d80000)
 Metaspace       used 12436K, capacity 13152K, committed 13312K, reserved 1060864K
  class space    used 1585K, capacity 1721K, committed 1792K, reserved 1048576K
}
Event: 2.458 GC heap before
{Heap before GC invocations=4 (full 0):
 PSYoungGen      total 38400K, used 38394K [0x00000000d5d80000, 0x00000000da880000, 0x0000000100000000)
  eden space 33280K, 100% used [0x00000000d5d80000,0x00000000d7e00000,0x00000000d7e00000)
  from space 5120K, 99% used [0x00000000d7e00000,0x00000000d82fe9a0,0x00000000d8300000)
  to   space 5120K, 0% used [0x00000000da380000,0x00000000da380000,0x00000000da880000)
 ParOldGen       total 87552K, used 469K [0x0000000081800000, 0x0000000086d80000, 0x00000000d5d80000)
  object space 87552K, 0% used [0x0000000081800000,0x00000000818756d0,0x0000000086d80000)
 Metaspace       used 17230K, capacity 18004K, committed 18304K, reserved 1064960K
  class space    used 2170K, capacity 2349K, committed 2432K, reserved 1048576K
Event: 2.472 GC heap after
Heap after GC invocations=4 (full 0):
 PSYoungGen      total 71680K, used 5114K [0x00000000d5d80000, 0x00000000da880000, 0x0000000100000000)
  eden space 66560K, 0% used [0x00000000d5d80000,0x00000000d5d80000,0x00000000d9e80000)
  from space 5120K, 99% used [0x00000000da380000,0x00000000da87ea20,0x00000000da880000)
  to   space 5120K, 0% used [0x00000000d9e80000,0x00000000d9e80000,0x00000000da380000)
 ParOldGen       total 87552K, used 3669K [0x0000000081800000, 0x0000000086d80000, 0x00000000d5d80000)
  object space 87552K, 4% used [0x0000000081800000,0x0000000081b95410,0x0000000086d80000)
 Metaspace       used 17230K, capacity 18004K, committed 18304K, reserved 1064960K
  class space    used 2170K, capacity 2349K, committed 2432K, reserved 1048576K
}
Event: 3.163 GC heap before
{Heap before GC invocations=5 (full 0):
 PSYoungGen      total 71680K, used 71674K [0x00000000d5d80000, 0x00000000da880000, 0x0000000100000000)
  eden space 66560K, 100% used [0x00000000d5d80000,0x00000000d9e80000,0x00000000d9e80000)
  from space 5120K, 99% used [0x00000000da380000,0x00000000da87ea20,0x00000000da880000)
  to   space 5120K, 0% used [0x00000000d9e80000,0x00000000d9e80000,0x00000000da380000)
 ParOldGen       total 87552K, used 3669K [0x0000000081800000, 0x0000000086d80000, 0x00000000d5d80000)
  object space 87552K, 4% used [0x0000000081800000,0x0000000081b95410,0x0000000086d80000)
 Metaspace       used 19876K, capacity 20872K, committed 20992K, reserved 1067008K
  class space    used 2523K, capacity 2751K, committed 2816K, reserved 1048576K
Event: 3.183 GC heap after
Heap after GC invocations=5 (full 0):
 PSYoungGen      total 71680K, used 5096K [0x00000000d5d80000, 0x00000000df380000, 0x0000000100000000)
  eden space 66560K, 0% used [0x00000000d5d80000,0x00000000d5d80000,0x00000000d9e80000)
  from space 5120K, 99% used [0x00000000d9e80000,0x00000000da37a3e0,0x00000000da380000)
  to   space 10240K, 0% used [0x00000000de980000,0x00000000de980000,0x00000000df380000)
 ParOldGen       total 87552K, used 6169K [0x0000000081800000, 0x0000000086d80000, 0x00000000d5d80000)
  object space 87552K, 7% used [0x0000000081800000,0x0000000081e06720,0x0000000086d80000)
 Metaspace       used 19876K, capacity 20872K, committed 20992K, reserved 1067008K
  class space    used 2523K, capacity 2751K, committed 2816K, reserved 1048576K
}
Event: 3.429 GC heap before
{Heap before GC invocations=6 (full 0):
 PSYoungGen      total 71680K, used 13350K [0x00000000d5d80000, 0x00000000df380000, 0x0000000100000000)
  eden space 66560K, 12% used [0x00000000d5d80000,0x00000000d658f6d0,0x00000000d9e80000)
  from space 5120K, 99% used [0x00000000d9e80000,0x00000000da37a3e0,0x00000000da380000)
  to   space 10240K, 0% used [0x00000000de980000,0x00000000de980000,0x00000000df380000)
 ParOldGen       total 87552K, used 6169K [0x0000000081800000, 0x0000000086d80000, 0x00000000d5d80000)
  object space 87552K, 7% used [0x0000000081800000,0x0000000081e06720,0x0000000086d80000)
 Metaspace       used 20193K, capacity 21142K, committed 21248K, reserved 1067008K
  class space    used 2552K, capacity 2762K, committed 2816K, reserved 1048576K
Event: 3.444 GC heap after
Heap after GC invocations=6 (full 0):
 PSYoungGen      total 141312K, used 5795K [0x00000000d5d80000, 0x00000000df180000, 0x0000000100000000)
  eden space 133120K, 0% used [0x00000000d5d80000,0x00000000d5d80000,0x00000000ddf80000)
  from space 8192K, 70% used [0x00000000de980000,0x00000000def28ce8,0x00000000df180000)
  to   space 9216K, 0% used [0x00000000ddf80000,0x00000000ddf80000,0x00000000de880000)
 ParOldGen       total 87552K, used 6169K [0x0000000081800000, 0x0000000086d80000, 0x00000000d5d80000)
  object space 87552K, 7% used [0x0000000081800000,0x0000000081e06720,0x0000000086d80000)
 Metaspace       used 20193K, capacity 21142K, committed 21248K, reserved 1067008K
  class space    used 2552K, capacity 2762K, committed 2816K, reserved 1048576K
}
Event: 3.444 GC heap before
{Heap before GC invocations=7 (full 1):
 PSYoungGen      total 141312K, used 5795K [0x00000000d5d80000, 0x00000000df180000, 0x0000000100000000)
  eden space 133120K, 0% used [0x00000000d5d80000,0x00000000d5d80000,0x00000000ddf80000)
  from space 8192K, 70% used [0x00000000de980000,0x00000000def28ce8,0x00000000df180000)
  to   space 9216K, 0% used [0x00000000ddf80000,0x00000000ddf80000,0x00000000de880000)
 ParOldGen       total 87552K, used 6169K [0x0000000081800000, 0x0000000086d80000, 0x00000000d5d80000)
  object space 87552K, 7% used [0x0000000081800000,0x0000000081e06720,0x0000000086d80000)
 Metaspace       used 20193K, capacity 21142K, committed 21248K, reserved 1067008K
  class space    used 2552K, capacity 2762K, committed 2816K, reserved 1048576K
Event: 3.495 GC heap after
Heap after GC invocations=7 (full 1):
 PSYoungGen      total 141312K, used 0K [0x00000000d5d80000, 0x00000000df180000, 0x0000000100000000)
  eden space 133120K, 0% used [0x00000000d5d80000,0x00000000d5d80000,0x00000000ddf80000)
  from space 8192K, 0% used [0x00000000de980000,0x00000000de980000,0x00000000df180000)
  to   space 9216K, 0% used [0x00000000ddf80000,0x00000000ddf80000,0x00000000de880000)
 ParOldGen       total 53760K, used 6103K [0x0000000081800000, 0x0000000084c80000, 0x00000000d5d80000)
  object space 53760K, 11% used [0x0000000081800000,0x0000000081df5f50,0x0000000084c80000)
 Metaspace       used 20193K, capacity 21142K, committed 21248K, reserved 1067008K
  class space    used 2552K, capacity 2762K, committed 2816K, reserved 1048576K
}

