# JRE version: Java(TM) SE Runtime Environment (8.0_261-b12) (build 1.8.0_261-b12)
# Java VM: Java HotSpot(TM) 64-Bit Server VM (25.261-b12 mixed mode windows-amd64 compressed oops)
Heap:
 PSYoungGen      total 229376K, used 10066K [0x00000000d5d80000, 0x00000000e4d00000, 0x0000000100000000)
  eden space 219136K, 0% used [0x00000000d5d80000,0x00000000d5d80000,0x00000000e3380000)
  from space 10240K, 98% used [0x00000000e4300000,0x00000000e4cd4bc8,0x00000000e4d00000)
  to   space 12800K, 0% used [0x00000000e3400000,0x00000000e3400000,0x00000000e4080000)
 ParOldGen       total 52224K, used 7003K [0x0000000081800000, 0x0000000084b00000, 0x00000000d5d80000)
  object space 52224K, 13% used [0x0000000081800000,0x0000000081ed6ff8,0x0000000084b00000)
 Metaspace       used 33342K, capacity 35304K, committed 35416K, reserved 1081344K
  class space    used 4257K, capacity 4630K, committed 4696K, reserved 1048576K
GC Heap History (10 events):
Event: 2.433 GC heap after
Heap after GC invocations=4 (full 0):
 PSYoungGen      total 71680K, used 5090K [0x00000000d5d80000, 0x00000000da880000, 0x0000000100000000)
  eden space 66560K, 0% used [0x00000000d5d80000,0x00000000d5d80000,0x00000000d9e80000)
  from space 5120K, 99% used [0x00000000da380000,0x00000000da878a08,0x00000000da880000)
  to   space 5120K, 0% used [0x00000000d9e80000,0x00000000d9e80000,0x00000000da380000)
 ParOldGen       total 87552K, used 3556K [0x0000000081800000, 0x0000000086d80000, 0x00000000d5d80000)
  object space 87552K, 4% used [0x0000000081800000,0x0000000081b792e8,0x0000000086d80000)
 Metaspace       used 17200K, capacity 18004K, committed 18304K, reserved 1064960K
  class space    used 2172K, capacity 2349K, committed 2432K, reserved 1048576K
}
Event: 3.002 GC heap before
{Heap before GC invocations=5 (full 0):
 PSYoungGen      total 71680K, used 71650K [0x00000000d5d80000, 0x00000000da880000, 0x0000000100000000)
  eden space 66560K, 100% used [0x00000000d5d80000,0x00000000d9e80000,0x00000000d9e80000)
  from space 5120K, 99% used [0x00000000da380000,0x00000000da878a08,0x00000000da880000)
  to   space 5120K, 0% used [0x00000000d9e80000,0x00000000d9e80000,0x00000000da380000)
 ParOldGen       total 87552K, used 3556K [0x0000000081800000, 0x0000000086d80000, 0x00000000d5d80000)
  object space 87552K, 4% used [0x0000000081800000,0x0000000081b792e8,0x0000000086d80000)
 Metaspace       used 19837K, capacity 20820K, committed 20992K, reserved 1067008K
  class space    used 2520K, capacity 2754K, committed 2816K, reserved 1048576K
Event: 3.012 GC heap after
Heap after GC invocations=5 (full 0):
 PSYoungGen      total 71680K, used 5102K [0x00000000d5d80000, 0x00000000df280000, 0x0000000100000000)
  eden space 66560K, 0% used [0x00000000d5d80000,0x00000000d5d80000,0x00000000d9e80000)
  from space 5120K, 99% used [0x00000000d9e80000,0x00000000da37baa8,0x00000000da380000)
  to   space 9728K, 0% used [0x00000000de900000,0x00000000de900000,0x00000000df280000)
 ParOldGen       total 87552K, used 5916K [0x0000000081800000, 0x0000000086d80000, 0x00000000d5d80000)
  object space 87552K, 6% used [0x0000000081800000,0x0000000081dc7100,0x0000000086d80000)
 Metaspace       used 19837K, capacity 20820K, committed 20992K, reserved 1067008K
  class space    used 2520K, capacity 2754K, committed 2816K, reserved 1048576K
}
Event: 3.137 GC heap before
{Heap before GC invocations=6 (full 0):
 PSYoungGen      total 71680K, used 13327K [0x00000000d5d80000, 0x00000000df280000, 0x0000000100000000)
  eden space 66560K, 12% used [0x00000000d5d80000,0x00000000d6588518,0x00000000d9e80000)
  from space 5120K, 99% used [0x00000000d9e80000,0x00000000da37baa8,0x00000000da380000)
  to   space 9728K, 0% used [0x00000000de900000,0x00000000de900000,0x00000000df280000)
 ParOldGen       total 87552K, used 5916K [0x0000000081800000, 0x0000000086d80000, 0x00000000d5d80000)
  object space 87552K, 6% used [0x0000000081800000,0x0000000081dc7100,0x0000000086d80000)
 Metaspace       used 20199K, capacity 21168K, committed 21248K, reserved 1067008K
  class space    used 2558K, capacity 2774K, committed 2816K, reserved 1048576K
Event: 3.146 GC heap after
Heap after GC invocations=6 (full 0):
 PSYoungGen      total 142848K, used 5900K [0x00000000d5d80000, 0x00000000df280000, 0x0000000100000000)
  eden space 133120K, 0% used [0x00000000d5d80000,0x00000000d5d80000,0x00000000ddf80000)
  from space 9728K, 60% used [0x00000000de900000,0x00000000deec31d0,0x00000000df280000)
  to   space 9728K, 0% used [0x00000000ddf80000,0x00000000ddf80000,0x00000000de900000)
 ParOldGen       total 87552K, used 5924K [0x0000000081800000, 0x0000000086d80000, 0x00000000d5d80000)
  object space 87552K, 6% used [0x0000000081800000,0x0000000081dc9100,0x0000000086d80000)
 Metaspace       used 20199K, capacity 21168K, committed 21248K, reserved 1067008K
  class space    used 2558K, capacity 2774K, committed 2816K, reserved 1048576K
}
Event: 3.146 GC heap before
{Heap before GC invocations=7 (full 1):
 PSYoungGen      total 142848K, used 5900K [0x00000000d5d80000, 0x00000000df280000, 0x0000000100000000)
  eden space 133120K, 0% used [0x00000000d5d80000,0x00000000d5d80000,0x00000000ddf80000)
  from space 9728K, 60% used [0x00000000de900000,0x00000000deec31d0,0x00000000df280000)
  to   space 9728K, 0% used [0x00000000ddf80000,0x00000000ddf80000,0x00000000de900000)
 ParOldGen       total 87552K, used 5924K [0x0000000081800000, 0x0000000086d80000, 0x00000000d5d80000)
  object space 87552K, 6% used [0x0000000081800000,0x0000000081dc9100,0x0000000086d80000)
 Metaspace       used 20199K, capacity 21168K, committed 21248K, reserved 1067008K
  class space    used 2558K, capacity 2774K, committed 2816K, reserved 1048576K
Event: 3.180 GC heap after
Heap after GC invocations=7 (full 1):
 PSYoungGen      total 142848K, used 0K [0x00000000d5d80000, 0x00000000df280000, 0x0000000100000000)
  eden space 133120K, 0% used [0x00000000d5d80000,0x00000000d5d80000,0x00000000ddf80000)
  from space 9728K, 0% used [0x00000000de900000,0x00000000de900000,0x00000000df280000)
  to   space 9728K, 0% used [0x00000000ddf80000,0x00000000ddf80000,0x00000000de900000)
 ParOldGen       total 52224K, used 6035K [0x0000000081800000, 0x0000000084b00000, 0x00000000d5d80000)
  object space 52224K, 11% used [0x0000000081800000,0x0000000081de4e80,0x0000000084b00000)
 Metaspace       used 20199K, capacity 21168K, committed 21248K, reserved 1067008K
  class space    used 2558K, capacity 2774K, committed 2816K, reserved 1048576K
}
Event: 6.798 GC heap before
{Heap before GC invocations=8 (full 1):
 PSYoungGen      total 142848K, used 133120K [0x00000000d5d80000, 0x00000000df280000, 0x0000000100000000)
  eden space 133120K, 100% used [0x00000000d5d80000,0x00000000ddf80000,0x00000000ddf80000)
  from space 9728K, 0% used [0x00000000de900000,0x00000000de900000,0x00000000df280000)
  to   space 9728K, 0% used [0x00000000ddf80000,0x00000000ddf80000,0x00000000de900000)
 ParOldGen       total 52224K, used 6035K [0x0000000081800000, 0x0000000084b00000, 0x00000000d5d80000)
  object space 52224K, 11% used [0x0000000081800000,0x0000000081de4e80,0x0000000084b00000)
 Metaspace       used 27647K, capacity 29514K, committed 29824K, reserved 1075200K
  class space    used 3598K, capacity 3951K, committed 3968K, reserved 1048576K
Event: 6.814 GC heap after
Heap after GC invocations=8 (full 1):
 PSYoungGen      total 142848K, used 9724K [0x00000000d5d80000, 0x00000000e4e00000, 0x0000000100000000)
  eden space 133120K, 0% used [0x00000000d5d80000,0x00000000d5d80000,0x00000000ddf80000)
  from space 9728K, 99% used [0x00000000ddf80000,0x00000000de8ff290,0x00000000de900000)
  to   space 11264K, 0% used [0x00000000e4300000,0x00000000e4300000,0x00000000e4e00000)
 ParOldGen       total 52224K, used 6995K [0x0000000081800000, 0x0000000084b00000, 0x00000000d5d80000)
  object space 52224K, 13% used [0x0000000081800000,0x0000000081ed4ff8,0x0000000084b00000)
 Metaspace       used 27647K, capacity 29514K, committed 29824K, reserved 1075200K
  class space    used 3598K, capacity 3951K, committed 3968K, reserved 1048576K
}
Event: 8.321 GC heap before
{Heap before GC invocations=9 (full 1):
 PSYoungGen      total 142848K, used 93491K [0x00000000d5d80000, 0x00000000e4e00000, 0x0000000100000000)
  eden space 133120K, 62% used [0x00000000d5d80000,0x00000000daf4da40,0x00000000ddf80000)
  from space 9728K, 99% used [0x00000000ddf80000,0x00000000de8ff290,0x00000000de900000)
  to   space 11264K, 0% used [0x00000000e4300000,0x00000000e4300000,0x00000000e4e00000)
 ParOldGen       total 52224K, used 6995K [0x0000000081800000, 0x0000000084b00000, 0x00000000d5d80000)
  object space 52224K, 13% used [0x0000000081800000,0x0000000081ed4ff8,0x0000000084b00000)
 Metaspace       used 33342K, capacity 35304K, committed 35416K, reserved 1081344K
  class space    used 4257K, capacity 4630K, committed 4696K, reserved 1048576K

