# JRE version: Java(TM) SE Runtime Environment (8.0_261-b12) (build 1.8.0_261-b12)
# Java VM: Java HotSpot(TM) 64-Bit Server VM (25.261-b12 mixed mode windows-amd64 compressed oops)
Heap:
 PSYoungGen      total 315392K, used 114157K [0x00000000d5d80000, 0x00000000ea000000, 0x0000000100000000)
  eden space 301568K, 37% used [0x00000000d5d80000,0x00000000dccfb658,0x00000000e8400000)
  from space 13824K, 0% used [0x00000000e9280000,0x00000000e9280000,0x00000000ea000000)
  to   space 14336K, 0% used [0x00000000e8400000,0x00000000e8400000,0x00000000e9200000)
 ParOldGen       total 77824K, used 18069K [0x0000000081800000, 0x0000000086400000, 0x00000000d5d80000)
  object space 77824K, 23% used [0x0000000081800000,0x00000000829a5790,0x0000000086400000)
 Metaspace       used 50941K, capacity 53896K, committed 54144K, reserved 1095680K
  class space    used 6697K, capacity 7207K, committed 7296K, reserved 1048576K
GC Heap History (10 events):
Event: 7.511 GC heap before
{Heap before GC invocations=10 (full 2):
 PSYoungGen      total 231424K, used 9550K [0x00000000d5d80000, 0x00000000e4d00000, 0x0000000100000000)
  eden space 220672K, 0% used [0x00000000d5d80000,0x00000000d5d80000,0x00000000e3500000)
  from space 10752K, 88% used [0x00000000e4280000,0x00000000e4bd38f8,0x00000000e4d00000)
  to   space 12288K, 0% used [0x00000000e3500000,0x00000000e3500000,0x00000000e4100000)
 ParOldGen       total 52736K, used 7583K [0x0000000081800000, 0x0000000084b80000, 0x00000000d5d80000)
  object space 52736K, 14% used [0x0000000081800000,0x0000000081f67f40,0x0000000084b80000)
 Metaspace       used 33325K, capacity 35276K, committed 35416K, reserved 1081344K
  class space    used 4251K, capacity 4598K, committed 4608K, reserved 1048576K
Event: 7.585 GC heap after
Heap after GC invocations=10 (full 2):
 PSYoungGen      total 231424K, used 0K [0x00000000d5d80000, 0x00000000e4d00000, 0x0000000100000000)
  eden space 220672K, 0% used [0x00000000d5d80000,0x00000000d5d80000,0x00000000e3500000)
  from space 10752K, 0% used [0x00000000e4280000,0x00000000e4280000,0x00000000e4d00000)
  to   space 12288K, 0% used [0x00000000e3500000,0x00000000e3500000,0x00000000e4100000)
 ParOldGen       total 77824K, used 14196K [0x0000000081800000, 0x0000000086400000, 0x00000000d5d80000)
  object space 77824K, 18% used [0x0000000081800000,0x00000000825dd298,0x0000000086400000)
 Metaspace       used 33325K, capacity 35276K, committed 35416K, reserved 1081344K
  class space    used 4251K, capacity 4598K, committed 4608K, reserved 1048576K
}
Event: 22.471 GC heap before
{Heap before GC invocations=11 (full 2):
 PSYoungGen      total 231424K, used 127972K [0x00000000d5d80000, 0x00000000e4d00000, 0x0000000100000000)
  eden space 220672K, 57% used [0x00000000d5d80000,0x00000000dda79378,0x00000000e3500000)
  from space 10752K, 0% used [0x00000000e4280000,0x00000000e4280000,0x00000000e4d00000)
  to   space 12288K, 0% used [0x00000000e3500000,0x00000000e3500000,0x00000000e4100000)
 ParOldGen       total 77824K, used 14196K [0x0000000081800000, 0x0000000086400000, 0x00000000d5d80000)
  object space 77824K, 18% used [0x0000000081800000,0x00000000825dd298,0x0000000086400000)
 Metaspace       used 45872K, capacity 48472K, committed 48640K, reserved 1091584K
  class space    used 6181K, capacity 6640K, committed 6656K, reserved 1048576K
Event: 22.490 GC heap after
Heap after GC invocations=11 (full 2):
 PSYoungGen      total 232960K, used 12287K [0x00000000d5d80000, 0x00000000ea100000, 0x0000000100000000)
  eden space 220672K, 0% used [0x00000000d5d80000,0x00000000d5d80000,0x00000000e3500000)
  from space 12288K, 99% used [0x00000000e3500000,0x00000000e40ffe60,0x00000000e4100000)
  to   space 14848K, 0% used [0x00000000e9280000,0x00000000e9280000,0x00000000ea100000)
 ParOldGen       total 77824K, used 16347K [0x0000000081800000, 0x0000000086400000, 0x00000000d5d80000)
  object space 77824K, 21% used [0x0000000081800000,0x00000000827f6c10,0x0000000086400000)
 Metaspace       used 45872K, capacity 48472K, committed 48640K, reserved 1091584K
  class space    used 6181K, capacity 6640K, committed 6656K, reserved 1048576K
}
Event: 22.490 GC heap before
{Heap before GC invocations=12 (full 3):
 PSYoungGen      total 232960K, used 12287K [0x00000000d5d80000, 0x00000000ea100000, 0x0000000100000000)
  eden space 220672K, 0% used [0x00000000d5d80000,0x00000000d5d80000,0x00000000e3500000)
  from space 12288K, 99% used [0x00000000e3500000,0x00000000e40ffe60,0x00000000e4100000)
  to   space 14848K, 0% used [0x00000000e9280000,0x00000000e9280000,0x00000000ea100000)
 ParOldGen       total 77824K, used 16347K [0x0000000081800000, 0x0000000086400000, 0x00000000d5d80000)
  object space 77824K, 21% used [0x0000000081800000,0x00000000827f6c10,0x0000000086400000)
 Metaspace       used 45872K, capacity 48472K, committed 48640K, reserved 1091584K
  class space    used 6181K, capacity 6640K, committed 6656K, reserved 1048576K
Event: 22.603 GC heap after
Heap after GC invocations=12 (full 3):
 PSYoungGen      total 232960K, used 0K [0x00000000d5d80000, 0x00000000ea100000, 0x0000000100000000)
  eden space 220672K, 0% used [0x00000000d5d80000,0x00000000d5d80000,0x00000000e3500000)
  from space 12288K, 0% used [0x00000000e3500000,0x00000000e3500000,0x00000000e4100000)
  to   space 14848K, 0% used [0x00000000e9280000,0x00000000e9280000,0x00000000ea100000)
 ParOldGen       total 77824K, used 22186K [0x0000000081800000, 0x0000000086400000, 0x00000000d5d80000)
  object space 77824K, 28% used [0x0000000081800000,0x0000000082daa8f8,0x0000000086400000)
 Metaspace       used 45872K, capacity 48472K, committed 48640K, reserved 1091584K
  class space    used 6181K, capacity 6640K, committed 6656K, reserved 1048576K
}
Event: 57.759 GC heap before
{Heap before GC invocations=13 (full 3):
 PSYoungGen      total 232960K, used 160374K [0x00000000d5d80000, 0x00000000ea100000, 0x0000000100000000)
  eden space 220672K, 72% used [0x00000000d5d80000,0x00000000dfa1d8a8,0x00000000e3500000)
  from space 12288K, 0% used [0x00000000e3500000,0x00000000e3500000,0x00000000e4100000)
  to   space 14848K, 0% used [0x00000000e9280000,0x00000000e9280000,0x00000000ea100000)
 ParOldGen       total 77824K, used 22186K [0x0000000081800000, 0x0000000086400000, 0x00000000d5d80000)
  object space 77824K, 28% used [0x0000000081800000,0x0000000082daa8f8,0x0000000086400000)
 Metaspace       used 50571K, capacity 53368K, committed 53632K, reserved 1095680K
  class space    used 6686K, capacity 7196K, committed 7296K, reserved 1048576K
Event: 57.791 GC heap after
Heap after GC invocations=13 (full 3):
 PSYoungGen      total 315392K, used 7205K [0x00000000d5d80000, 0x00000000ea000000, 0x0000000100000000)
  eden space 301568K, 0% used [0x00000000d5d80000,0x00000000d5d80000,0x00000000e8400000)
  from space 13824K, 52% used [0x00000000e9280000,0x00000000e9989780,0x00000000ea000000)
  to   space 14336K, 0% used [0x00000000e8400000,0x00000000e8400000,0x00000000e9200000)
 ParOldGen       total 77824K, used 22186K [0x0000000081800000, 0x0000000086400000, 0x00000000d5d80000)
  object space 77824K, 28% used [0x0000000081800000,0x0000000082daa8f8,0x0000000086400000)
 Metaspace       used 50571K, capacity 53368K, committed 53632K, reserved 1095680K
  class space    used 6686K, capacity 7196K, committed 7296K, reserved 1048576K
}
Event: 57.791 GC heap before
{Heap before GC invocations=14 (full 4):
 PSYoungGen      total 315392K, used 7205K [0x00000000d5d80000, 0x00000000ea000000, 0x0000000100000000)
  eden space 301568K, 0% used [0x00000000d5d80000,0x00000000d5d80000,0x00000000e8400000)
  from space 13824K, 52% used [0x00000000e9280000,0x00000000e9989780,0x00000000ea000000)
  to   space 14336K, 0% used [0x00000000e8400000,0x00000000e8400000,0x00000000e9200000)
 ParOldGen       total 77824K, used 22186K [0x0000000081800000, 0x0000000086400000, 0x00000000d5d80000)
  object space 77824K, 28% used [0x0000000081800000,0x0000000082daa8f8,0x0000000086400000)
 Metaspace       used 50571K, capacity 53368K, committed 53632K, reserved 1095680K
  class space    used 6686K, capacity 7196K, committed 7296K, reserved 1048576K
Event: 58.116 GC heap after
Heap after GC invocations=14 (full 4):
 PSYoungGen      total 315392K, used 0K [0x00000000d5d80000, 0x00000000ea000000, 0x0000000100000000)
  eden space 301568K, 0% used [0x00000000d5d80000,0x00000000d5d80000,0x00000000e8400000)
  from space 13824K, 0% used [0x00000000e9280000,0x00000000e9280000,0x00000000ea000000)
  to   space 14336K, 0% used [0x00000000e8400000,0x00000000e8400000,0x00000000e9200000)
 ParOldGen       total 77824K, used 18069K [0x0000000081800000, 0x0000000086400000, 0x00000000d5d80000)
  object space 77824K, 23% used [0x0000000081800000,0x00000000829a5790,0x0000000086400000)
 Metaspace       used 50571K, capacity 53368K, committed 53632K, reserved 1095680K
  class space    used 6686K, capacity 7196K, committed 7296K, reserved 1048576K
}

